SF:lib/shared/data/local/data_sources/hive_service.dart
DA:7,1
DA:9,1
DA:11,2
DA:14,1
DA:16,2
DA:19,1
DA:21,3
DA:24,1
DA:26,2
DA:29,1
DA:31,2
DA:35,1
DA:37,2
DA:41,1
DA:43,2
LF:15
LH:15
end_of_record
SF:lib/data/data_sources/local/task_local_storage.dart
DA:9,2
DA:11,1
DA:12,3
DA:15,1
DA:16,2
DA:19,1
DA:20,2
DA:23,1
DA:24,3
DA:27,1
DA:28,2
DA:31,1
DA:32,2
LF:13
LH:13
end_of_record
SF:lib/data/repositories/imp_task_repository.dart
DA:8,1
DA:10,1
DA:11,2
DA:13,1
DA:14,2
DA:15,1
DA:16,2
DA:18,1
DA:19,2
DA:21,1
DA:22,2
DA:24,1
DA:25,2
LF:13
LH:13
end_of_record
SF:lib/data/providers/tast_data_source_provider.dart
DA:9,3
DA:10,0
DA:11,3
DA:12,0
LF:4
LH:2
end_of_record
SF:lib/domain/providers/task_usecase_providers.dart
DA:13,3
DA:14,0
DA:16,2
DA:17,5
DA:19,2
DA:20,5
DA:22,2
DA:23,5
DA:25,2
DA:26,5
DA:28,2
DA:29,5
DA:31,2
DA:32,5
LF:14
LH:13
end_of_record
SF:lib/domain/usecases/create_task_usecase.dart
DA:8,2
DA:10,3
LF:2
LH:2
end_of_record
SF:lib/domain/usecases/delete_all_tasks_usecase.dart
DA:7,2
DA:9,3
LF:2
LH:2
end_of_record
SF:lib/domain/usecases/delete_task_usecase.dart
DA:6,2
DA:8,3
LF:2
LH:2
end_of_record
SF:lib/domain/usecases/get_all_tasks_usecase.dart
DA:9,2
DA:11,3
LF:2
LH:2
end_of_record
SF:lib/domain/usecases/get_task_by_id_usecase.dart
DA:8,2
DA:10,3
LF:2
LH:2
end_of_record
SF:lib/domain/usecases/update_task_usecase.dart
DA:10,2
DA:12,3
LF:2
LH:2
end_of_record
SF:lib/presentation/task/providers/state/task_notifier.dart
DA:13,0
DA:14,0
DA:15,0
DA:16,0
DA:17,0
DA:18,0
DA:22,1
DA:26,1
DA:31,1
DA:33,3
DA:34,1
DA:36,3
DA:37,1
DA:41,1
DA:42,2
DA:43,3
DA:46,1
DA:47,7
DA:50,1
DA:51,7
DA:55,1
DA:56,4
DA:57,2
DA:58,3
DA:59,1
DA:60,2
DA:61,3
DA:64,1
DA:65,4
DA:66,1
DA:69,1
DA:70,2
DA:71,3
DA:74,1
DA:75,4
DA:76,3
DA:79,1
DA:80,4
DA:81,3
DA:82,3
DA:83,1
LF:41
LH:35
end_of_record
SF:lib/presentation/task/providers/state/task_state.dart
DA:14,1
DA:20,2
DA:26,0
DA:27,0
DA:29,1
DA:34,1
DA:35,1
DA:36,1
DA:37,1
LF:9
LH:7
end_of_record
SF:lib/presentation/home/providers/state/check_list_notifier.dart
DA:11,0
DA:12,0
DA:13,0
DA:14,0
DA:15,0
DA:16,0
DA:17,0
DA:26,1
DA:31,2
DA:33,1
DA:34,2
DA:35,5
DA:36,3
DA:39,1
DA:40,2
DA:41,1
DA:44,1
DA:45,2
DA:46,1
DA:49,1
DA:51,3
DA:52,3
DA:53,1
DA:56,1
DA:57,3
DA:58,1
DA:61,0
DA:62,0
DA:63,0
DA:66,1
DA:71,2
DA:74,1
DA:76,5
DA:77,1
DA:78,2
DA:79,3
DA:82,2
DA:86,1
DA:87,2
DA:88,2
DA:89,1
LF:41
LH:31
end_of_record
SF:lib/presentation/home/providers/state/check_list_state.dart
DA:31,1
DA:37,1
DA:43,0
DA:45,0
DA:47,0
DA:49,0
DA:50,0
DA:52,0
DA:53,0
DA:55,0
DA:56,0
DA:58,1
DA:64,1
DA:65,1
DA:66,1
DA:67,1
DA:68,1
LF:17
LH:8
end_of_record
